[2015.12.02-14.05.43:988][  0]Log file open, 12/02/15 08:05:43
[2015.12.02-14.05.43:988][  0]LogInit:Display: Running engine for game: HeadBobbing
[2015.12.02-14.05.43:988][  0]LogPlatformFile: Not using cached read wrapper
[2015.12.02-14.05.43:988][  0]LogInit:Display: RandInit(73101598) SRandInit(73101598).
[2015.12.02-14.05.43:988][  0]LogTaskGraph: Started task graph with 4 named threads and 7 total threads.
[2015.12.02-14.05.43:988][  0]LogStats: Stats thread started at 0.067739
[2015.12.02-14.05.43:988][  0]LogInit: Version: 4.10.0-2758231+++depot+UE4-Releases+4.10
[2015.12.02-14.05.43:988][  0]LogInit: API Version: 2758231
[2015.12.02-14.05.43:988][  0]LogInit: Compiled (64-bit): Nov  7 2015 05:13:45
[2015.12.02-14.05.43:988][  0]LogInit: Compiled with Visual C++: 19.00.23026.00
[2015.12.02-14.05.43:988][  0]LogInit: Build Configuration: Development
[2015.12.02-14.05.43:988][  0]LogInit: Branch Name: ++depot+UE4-Releases+4.10
[2015.12.02-14.05.43:988][  0]LogInit: Command line: 
[2015.12.02-14.05.43:988][  0]LogInit: Base directory: D:/Program Files/UE4/Epic Games/4.10/Engine/Binaries/Win64/
[2015.12.02-14.05.43:988][  0]LogInit: Rocket: 1
[2015.12.02-14.05.43:992][  0]LogInit: Using libcurl 7.41.0
[2015.12.02-14.05.43:992][  0]LogInit:  - built for x86_64-pc-win32
[2015.12.02-14.05.43:992][  0]LogInit:  - supports SSL with WinSSL
[2015.12.02-14.05.43:992][  0]LogInit:  - other features:
[2015.12.02-14.05.43:993][  0]LogInit:      CURL_VERSION_SSL
[2015.12.02-14.05.43:993][  0]LogInit:      CURL_VERSION_IPV6
[2015.12.02-14.05.43:993][  0]LogInit:      CURL_VERSION_ASYNCHDNS
[2015.12.02-14.05.43:993][  0]LogInit:      CURL_VERSION_LARGEFILE
[2015.12.02-14.05.43:993][  0]LogInit:      CURL_VERSION_IDN
[2015.12.02-14.05.43:993][  0]LogInit:  CurlRequestOptions (configurable via config and command line):
[2015.12.02-14.05.43:993][  0]LogInit:  - bVerifyPeer = true  - Libcurl will verify peer certificate
[2015.12.02-14.05.43:993][  0]LogInit:  - bUseHttpProxy = false  - Libcurl will NOT use HTTP proxy
[2015.12.02-14.05.43:993][  0]LogInit:  - bDontReuseConnections = false  - Libcurl will reuse connections
[2015.12.02-14.05.43:993][  0]LogInit:  - CertBundlePath = nullptr  - Libcurl will use whatever was configured at build time.
[2015.12.02-14.05.43:998][  0]LogInit: Presizing for 0 objects not considered by GC, pre-allocating 0 bytes.
[2015.12.02-14.05.44:002][  0]LogInit: Object subsystem initialized
[2015.12.02-14.05.44:004][  0]LogInit: Selected Device Profile: [Windows]
[2015.12.02-14.05.44:004][  0]LogInit: Applying CVar settings loaded from the selected device profile: [Windows]
[2015.12.02-14.05.44:011][  0]LogInit: Computer: GHOST
[2015.12.02-14.05.44:011][  0]LogInit: User: Jake
[2015.12.02-14.05.44:011][  0]LogInit: CPU Page size=4096, Cores=4
[2015.12.02-14.05.44:011][  0]LogInit: High frequency timer resolution =3.417964 MHz
[2015.12.02-14.05.44:011][  0]LogMemory: Memory total: Physical=15.9GB (16GB approx)
[2015.12.02-14.05.44:011][  0]LogMemory: Platform Memory Stats for Windows
[2015.12.02-14.05.44:011][  0]LogMemory: Process Physical Memory: 55.82 MB used, 55.82 MB peak
[2015.12.02-14.05.44:011][  0]LogMemory: Process Virtual Memory: 54.86 MB used, 54.86 MB peak
[2015.12.02-14.05.44:011][  0]LogMemory: Physical Memory: 4644.03 MB used, 16244.39 MB total
[2015.12.02-14.05.44:011][  0]LogMemory: Virtual Memory: 379.27 MB used, 134217728.00 MB total
[2015.12.02-14.05.44:035][  0]LogTextLocalizationManager: No specific translations for ('en-US') exist, so ('en') translations will be used.
[2015.12.02-14.05.44:352][  0]LogD3D11RHI: Found D3D11 adapter 0: NVIDIA GeForce GTX 970 (Feature Level 11_0)
[2015.12.02-14.05.44:352][  0]LogD3D11RHI: Adapter has 4008MB of dedicated video memory, 0MB of dedicated system memory, and 8122MB of shared system memory, 1 output[s]
[2015.12.02-14.05.44:357][  0]LogD3D11RHI: Found D3D11 adapter 1: Intel(R) HD Graphics 4600 (Feature Level 11_0)
[2015.12.02-14.05.44:357][  0]LogD3D11RHI: Adapter has 112MB of dedicated video memory, 0MB of dedicated system memory, and 8122MB of shared system memory, 0 output[s]
[2015.12.02-14.05.44:358][  0]LogD3D11RHI: Found D3D11 adapter 2: Microsoft Basic Render Driver (Feature Level 11_0)
[2015.12.02-14.05.44:358][  0]LogD3D11RHI: Adapter has 0MB of dedicated video memory, 0MB of dedicated system memory, and 8122MB of shared system memory, 0 output[s]
[2015.12.02-14.05.44:358][  0]LogD3D11RHI: Chosen D3D11 Adapter Id = 0
[2015.12.02-14.05.44:361][  0]LogD3D11RHI: !Direct3DDevice
[2015.12.02-14.05.44:361][  0]LogRHI: Texture pool is 1361 MB (70% of 1945 MB)
[2015.12.02-14.05.44:371][  0]LogD3D11RHI: Async texture creation enabled
[2015.12.02-14.05.44:751][  0]LogShaderCompilers: Guid format shader working directory is -10 characters bigger than the processId version (../../../../../../../Unreal Engine Projects/HeadBobbing/Intermediate/Shaders/WorkingDirectory/2328/).
[2015.12.02-14.05.44:751][  0]LogShaderCompilers: Cleaned the shader compiler working directory 'C:/Users/Jake/AppData/Local/Temp/UnrealShaderWorkingDir/C3E141EA46F3FA115BC742A31F1936F1/'.
[2015.12.02-14.05.44:751][  0]LogShaderCompilers:Display: Using Local Shader Compiler.
[2015.12.02-14.05.45:281][  0]LogTemp:Display: Loaded TP AllDesktopTargetPlatform
[2015.12.02-14.05.45:285][  0]LogTemp:Display: Loaded TP WindowsClientTargetPlatform
[2015.12.02-14.05.45:288][  0]LogTemp:Display: Loaded TP WindowsNoEditorTargetPlatform
[2015.12.02-14.05.45:291][  0]LogTemp:Display: Loaded TP WindowsServerTargetPlatform
[2015.12.02-14.05.45:295][  0]LogTemp:Display: Loaded TP WindowsTargetPlatform
[2015.12.02-14.05.45:297][  0]LogTemp:Display: Loaded TP AndroidTargetPlatform
[2015.12.02-14.05.45:299][  0]LogTemp:Display: Loaded TP Android_ASTCTargetPlatform
[2015.12.02-14.05.45:301][  0]LogTemp:Display: Loaded TP Android_ATCTargetPlatform
[2015.12.02-14.05.45:303][  0]LogTemp:Display: Loaded TP Android_DXTTargetPlatform
[2015.12.02-14.05.45:305][  0]LogTemp:Display: Loaded TP Android_ETC1TargetPlatform
[2015.12.02-14.05.45:307][  0]LogTemp:Display: Loaded TP Android_ETC2TargetPlatform
[2015.12.02-14.05.45:312][  0]LogTemp:Display: Loaded TP Android_MultiTargetPlatform
[2015.12.02-14.05.45:312][  0]LogTemp:Display: Loaded TP Android_PVRTCTargetPlatform
[2015.12.02-14.05.45:312][  0]LogTemp:Display: Loaded TP HTML5TargetPlatform
[2015.12.02-14.05.45:328][  0]LogTemp:Display: Loaded TP IOSTargetPlatform
[2015.12.02-14.05.45:330][  0]LogTemp:Display: Loaded TP LinuxNoEditorTargetPlatform
[2015.12.02-14.05.45:332][  0]LogTemp:Display: Loaded TP LinuxServerTargetPlatform
[2015.12.02-14.05.45:334][  0]LogTemp:Display: Loaded TP LinuxTargetPlatform
[2015.12.02-14.05.45:334][  0]LogTargetPlatformManager:Display: Building Assets For Windows
[2015.12.02-14.05.45:389][  0]LogDerivedDataCache:Display: Max Cache Size: 512 MB
[2015.12.02-14.05.45:423][  0]LogDerivedDataCache: Loaded boot cache 0.03s 41MB C:/Users/Jake/AppData/Local/UnrealEngine/4.10/DerivedDataCache/Boot.ddc.
[2015.12.02-14.05.45:423][  0]LogDerivedDataCache:Display: Loaded Boot cache: C:/Users/Jake/AppData/Local/UnrealEngine/4.10/DerivedDataCache/Boot.ddc
[2015.12.02-14.05.45:423][  0]LogDerivedDataCache: FDerivedDataBackendGraph:  Pak pak cache file ../../../../../../../Unreal Engine Projects/HeadBobbing/DerivedDataCache/DDC.ddp not found, will not use a pak cache.
[2015.12.02-14.05.45:423][  0]LogDerivedDataCache: Unable to find inner node Pak for hierarchical cache Hierarchy.
[2015.12.02-14.05.45:424][  0]LogDerivedDataCache: FDerivedDataBackendGraph:  CompressedPak pak cache file ../../../../../../../Unreal Engine Projects/HeadBobbing/DerivedDataCache/Compressed.ddp not found, will not use a pak cache.
[2015.12.02-14.05.45:424][  0]LogDerivedDataCache: Unable to find inner node CompressedPak for hierarchical cache Hierarchy.
[2015.12.02-14.05.45:466][  0]LogDerivedDataCache:Display: Pak cache opened for reading ../../../Engine/DerivedDataCache/Compressed.ddp.
[2015.12.02-14.05.45:477][  0]LogDerivedDataCache: Using Local data cache path C:/Users/Jake/AppData/Local/UnrealEngine/Common/DerivedDataCache: Writable
[2015.12.02-14.05.45:595][  0]LogInit: Selected Device Profile: [Windows]
[2015.12.02-14.05.45:597][  0]LogContentStreaming: Texture pool size is 0.000000MB
[2015.12.02-14.05.45:672][  0]LogMeshUtilities: No automatic mesh reduction module available
[2015.12.02-14.05.45:672][  0]LogMeshUtilities: No automatic mesh merging module available
[2015.12.02-14.05.45:817][  0]LogInit: WinSock: version 1.1 (2.2), MaxSocks=32767, MaxUdp=65467
[2015.12.02-14.05.46:376][  0]UdpMessaging: Initializing bridge on interface 0.0.0.0:0 to multicast group 230.0.0.1:6666.
[2015.12.02-14.05.46:462][  0]LogAssetRegistry: FAssetRegistry took 0.0104 seconds to start up
[2015.12.02-14.05.46:640][  0]SourceControl: Info Source control is disabled
[2015.12.02-14.05.46:640][  0]SourceControl: Info Source control is disabled
[2015.12.02-14.05.46:647][  0]SourceControl: Info Source control is disabled
[2015.12.02-14.05.46:655][  0]SourceControl: Info Source control is disabled
[2015.12.02-14.05.46:818][  0]LogObj: 28633 objects as part of root set at end of initial load.
[2015.12.02-14.05.46:818][  0]LogUObjectAllocator: 6099744 out of 0 bytes used by permanent object pool.
[2015.12.02-14.05.46:861][  0]LogEngine: Initializing Engine...
[2015.12.02-14.05.46:863][  0]LogHMD: Can't find Oculus library dev build: is proper Runtime installed? Version: 0.8.0.0
[2015.12.02-14.05.46:863][  0]LogHMD: SteamVR failed to initialize.  Err: 110
[2015.12.02-14.05.46:949][  0]LogAIModule: Creating AISystem for world NewWorld
[2015.12.02-14.05.46:955][  0]LogInit: XAudio2 using 'PHILIPS (NVIDIA High Definition Audio)' : 2 channels at 48 kHz using 32 bits per sample (channel mask 0x3)
[2015.12.02-14.05.46:960][  0]LogInit: FAudioDevice initialized.
[2015.12.02-14.05.46:976][  0]LogDerivedDataCache: Saved boot cache 0.02s 41MB C:/Users/Jake/AppData/Local/UnrealEngine/4.10/DerivedDataCache/Boot.ddc.
[2015.12.02-14.05.46:979][  0]LogInit: Texture streaming: Enabled
[2015.12.02-14.05.46:983][  0]LogAnalytics: Creating configured Analytics provider AnalyticsET
[2015.12.02-14.05.46:983][  0]LogAnalytics: [UEEditor.Rocket.Release] APIServer = http://et2.epicgames.com/ET2/. AppVersion = 4.10.0-2758231+++depot+UE4-Releases+4.10
[2015.12.02-14.05.46:983][  0]LogAnalytics: [UEEditor.Rocket.Release] SetUserId 83ec4e23438fee05de68779410ba8dd8|430921b4d3244ab39ea8c4a3caf31e47|15d5efe6-d4b4-4642-a5e3-54b8dca2a620
[2015.12.02-14.05.46:983][  0]LogAnalytics: [UEEditor.Rocket.Release] AnalyticsET::StartSession
[2015.12.02-14.05.47:007][  0]LogInit: Transaction tracking system initialized
[2015.12.02-14.05.47:029][  0]BlueprintLog: New page: Editor Load
[2015.12.02-14.05.47:502][  0]LocalizationService: Info Localization service is disabled
[2015.12.02-14.05.47:621][  0]LogConsoleResponse:Display: 
[2015.12.02-14.05.47:704][  0]LogCook:Display: Done creating registry. It took  0.00s.
[2015.12.02-14.05.47:722][  0]LogFileCache: Scanning file cache for directory 'D:/Unreal Engine Projects/HeadBobbing/Content/' took 0.02s
[2015.12.02-14.05.47:755][  0]SourceControl: Info Source control is disabled
[2015.12.02-14.05.47:755][  0]Cmd: MAP LOAD FILE="../../../../../../../Unreal Engine Projects/HeadBobbing/Content/FirstPersonBP/Maps/FirstPersonExampleMap.umap" TEMPLATE=0 SHOWPROGRESS=1 FEATURELEVEL=3
[2015.12.02-14.05.47:756][  0]LightingResults: New page: Lighting Build
[2015.12.02-14.05.47:758][  0]MapCheck: New page: Map Check
[2015.12.02-14.05.47:758][  0]LightingResults: New page: Lighting Build
[2015.12.02-14.05.47:768][  0]LogParticles: Destroying 0 GPU particle simulations for FXSystem 0x000000C23600AAC0
[2015.12.02-14.05.47:855][  0]LogLinker:Warning: Asset '../../../../../../../Unreal Engine Projects/HeadBobbing/Content/FirstPerson/Meshes/FirstPersonProjectileMesh.uasset' has been saved with empty engine version. The asset will be loaded but may be incompatible.
[2015.12.02-14.05.48:266][  0]LogTexture:Display: Building textures: HQ_Lightmap1_1 (AutoDXT)
[2015.12.02-14.05.48:658][  0]LogTexture:Display: Building textures: HQ_Lightmap1_2 (AutoDXT)
[2015.12.02-14.05.48:997][  0]LogTexture:Display: Building textures: HQ_Lightmap1_3 (AutoDXT)
[2015.12.02-14.05.49:365][  0]LogTexture:Display: Building textures: HQ_Lightmap1_4 (AutoDXT)
[2015.12.02-14.05.49:698][  0]LogTexture:Display: Building textures: HQ_Lightmap1_5 (AutoDXT)
[2015.12.02-14.05.50:289][  0]LogTexture:Display: Building textures: HQ_Lightmap1_6 (AutoDXT)
[2015.12.02-14.05.50:916][  0]LogTexture:Display: Building textures: HQ_Lightmap1_7 (AutoDXT)
[2015.12.02-14.05.51:260][  0]LogTexture:Display: Building textures: HQ_Lightmap1_8 (AutoDXT)
[2015.12.02-14.05.51:287][  0]LogTexture:Display: Building textures: LQ_Lightmap_1_1 (DXT1)
[2015.12.02-14.05.51:461][  0]LogTexture:Display: Building textures: LQ_Lightmap_1_2 (DXT1)
[2015.12.02-14.05.51:648][  0]LogTexture:Display: Building textures: LQ_Lightmap_1_3 (DXT1)
[2015.12.02-14.05.51:840][  0]LogTexture:Display: Building textures: LQ_Lightmap_1_4 (DXT1)
[2015.12.02-14.05.52:031][  0]LogTexture:Display: Building textures: LQ_Lightmap_1_5 (DXT1)
[2015.12.02-14.05.52:274][  0]LogTexture:Display: Building textures: LQ_Lightmap_1_6 (DXT1)
[2015.12.02-14.05.52:495][  0]LogTexture:Display: Building textures: LQ_Lightmap_1_7 (DXT1)
[2015.12.02-14.05.52:673][  0]LogTexture:Display: Building textures: LQ_Lightmap_1_8 (DXT1)
[2015.12.02-14.05.52:676][  0]LogTexture:Display: Building textures: SkyOcclusion0_8 (AutoDXT)
[2015.12.02-14.05.52:689][  0]LogTexture:Display: Building textures: SkyOcclusion1_1 (AutoDXT)
[2015.12.02-14.05.52:853][  0]LogTexture:Display: Building textures: SkyOcclusion1_2 (AutoDXT)
[2015.12.02-14.05.53:020][  0]LogTexture:Display: Building textures: SkyOcclusion1_3 (AutoDXT)
[2015.12.02-14.05.53:186][  0]LogTexture:Display: Building textures: SkyOcclusion1_4 (AutoDXT)
[2015.12.02-14.05.53:344][  0]LogTexture:Display: Building textures: SkyOcclusion1_5 (AutoDXT)
[2015.12.02-14.05.53:589][  0]LogTexture:Display: Building textures: SkyOcclusion1_6 (AutoDXT)
[2015.12.02-14.05.53:834][  0]LogTexture:Display: Building textures: SkyOcclusion1_7 (AutoDXT)
[2015.12.02-14.05.54:027][  0]LogTexture:Display: Building textures: ShadowMapTexture2D_10 (G8)
[2015.12.02-14.05.54:088][  0]LogTexture:Display: Building textures: ShadowMapTexture2D_11 (G8)
[2015.12.02-14.05.54:149][  0]LogTexture:Display: Building textures: ShadowMapTexture2D_12 (G8)
[2015.12.02-14.05.54:209][  0]LogTexture:Display: Building textures: ShadowMapTexture2D_13 (G8)
[2015.12.02-14.05.54:269][  0]LogTexture:Display: Building textures: ShadowMapTexture2D_14 (G8)
[2015.12.02-14.05.54:327][  0]LogTexture:Display: Building textures: ShadowMapTexture2D_15 (G8)
[2015.12.02-14.05.54:332][  0]LogTexture:Display: Building textures: ShadowMapTexture2D_7 (G8)
[2015.12.02-14.05.54:394][  0]LogTexture:Display: Building textures: ShadowMapTexture2D_9 (G8)
[2015.12.02-14.05.54:477][  0]LogAIModule: Creating AISystem for world FirstPersonExampleMap
[2015.12.02-14.05.54:549][  0]LogEditorServer: Finished looking for orphan Actors (0.000 secs)
[2015.12.02-14.05.54:550][  0]Cmd: MAP CHECKDEP NOCLEARLOG
[2015.12.02-14.05.54:582][  0]MapCheck: Info Map check complete: 0 Error(s), 0 Warning(s), took 32.012ms to complete.
[2015.12.02-14.05.54:582][  0]LogFileHelpers: Loading map 'FirstPersonExampleMap' took 6.827
[2015.12.02-14.05.54:659][  0]LogCollectionManager: Loaded 0 collections in 0.001502 seconds
[2015.12.02-14.05.54:720][  0]LogFileCache: Scanning file cache for directory 'D:/Unreal Engine Projects/HeadBobbing/Saved/Collections/' took 0.01s
[2015.12.02-14.05.54:720][  0]LogFileCache: Scanning file cache for directory 'D:/Unreal Engine Projects/HeadBobbing/Content/Developers/Jake/Collections/' took 0.01s
[2015.12.02-14.05.54:720][  0]LogFileCache: Scanning file cache for directory 'D:/Unreal Engine Projects/HeadBobbing/Content/Collections/' took 0.01s
[2015.12.02-14.05.54:720][  0]LogCollectionManager: Rebuilt the GUID cache for 0 collections in 0.000001 seconds
[2015.12.02-14.05.54:725][  0]LogContentBrowser: Native class hierarchy populated in 0.0052 seconds. Added 1893 classes and 338 folders.
[2015.12.02-14.05.54:730][  0]LogContentBrowser: Native class hierarchy updated for 'WidgetCarousel' in 0.0003 seconds. Added 0 classes and 0 folders.
[2015.12.02-14.05.54:756][  0]LogContentBrowser: Native class hierarchy updated for 'AddContentDialog' in 0.0003 seconds. Added 0 classes and 0 folders.
[2015.12.02-14.05.54:759][  0]LogContentBrowser: Native class hierarchy updated for 'SceneOutliner' in 0.0002 seconds. Added 1 classes and 2 folders.
[2015.12.02-14.05.54:773][  0]LogCrashTracker: Crashtracker disabled due to settings.
[2015.12.02-14.05.54:776][  0]LogUObjectGlobals:Warning: Failed to find object 'Class None.'
[2015.12.02-14.05.54:798][  0]LogLoad: Full Startup: 11.16 seconds (BP compile: 0.08 seconds)
[2015.12.02-14.05.54:808][  0]LogOcInput: Can't find Oculus library dev build: is proper Runtime installed? Version: 0.8.0.0
[2015.12.02-14.05.54:854][  0]LogContentStreaming: Texture pool size now 1000 MB
[2015.12.02-14.05.54:965][  0]LogRenderer: Reallocating scene render targets to support 1208x572 (Frame:2).
[2015.12.02-14.05.55:089][  3]LogAssetRegistry: Asset discovery search completed in 8.6373 seconds
[2015.12.02-14.05.55:089][  3]LogCollectionManager: Rebuilt the object cache for 0 collections in 0.000000 seconds (found 0 objects)
[2015.12.02-14.05.55:089][  3]LogCollectionManager: Fixed up redirectors for 0 collections in 0.000014 seconds (updated 0 objects)
[2015.12.02-14.06.06:088][122]LogEditorViewport: Clicking on Actor (LMB): FirstPersonCharacter_C (FirstPersonCharacter)
[2015.12.02-14.06.12:640][898]LogEditorViewport: Clicking on Actor (LMB): FirstPersonCharacter_C (FirstPersonCharacter)
[2015.12.02-14.22.51:108][539]LogEditorViewport: Clicking on Actor (LMB): FirstPersonCharacter_C (FirstPersonCharacter)
[2015.12.02-14.23.26:803][766]LogLinker:Warning: Asset '../../../../../../../Unreal Engine Projects/HeadBobbing/Content/FirstPersonBP/Blueprints/FirstPersonHUD.uasset' has been saved with empty engine version. The asset will be loaded but may be incompatible.
[2015.12.02-14.23.29:848][128]LogLinker:Warning: Can't find file '/Game/FirstPersonBP/Character/FirstPerson_AnimBlueprint'
[2015.12.02-14.23.29:849][128]LogLinker:Warning: Can't find file '/Game/FirstPersonBP/Character/FirstPerson_AnimBlueprint'
[2015.12.02-14.23.29:849][128]LogUObjectGlobals:Warning: Failed to find object 'Object /Game/FirstPersonBP/Character/FirstPerson_AnimBlueprint.FirstPerson_AnimBlueprint'
[2015.12.02-14.23.32:640][463]LogLinker:Warning: Can't find file '/Game/FirstPersonBP/Character/FirstPerson_SkelMesh'
[2015.12.02-14.23.32:640][463]LogLinker:Warning: Can't find file '/Game/FirstPersonBP/Character/FirstPerson_SkelMesh'
[2015.12.02-14.23.32:641][463]LogUObjectGlobals:Warning: Failed to find object 'Object /Game/FirstPersonBP/Character/FirstPerson_SkelMesh.FirstPerson_SkelMesh'
[2015.12.02-14.23.34:924][737]LogLinker:Warning: Can't find file '/Game/FirstPersonBP/Character/FirstPerson_Skeleton'
[2015.12.02-14.23.34:924][737]LogLinker:Warning: Can't find file '/Game/FirstPersonBP/Character/FirstPerson_Skeleton'
[2015.12.02-14.23.34:924][737]LogUObjectGlobals:Warning: Failed to find object 'Object /Game/FirstPersonBP/Character/FirstPerson_Skeleton.FirstPerson_Skeleton'
[2015.12.02-14.23.36:175][887]LogLinker:Warning: Can't find file '/Game/FirstPersonBP/Animations/FirstPerson_Fire'
[2015.12.02-14.23.36:175][887]LogLinker:Warning: Can't find file '/Game/FirstPersonBP/Animations/FirstPerson_Fire'
[2015.12.02-14.23.36:175][887]LogUObjectGlobals:Warning: Failed to find object 'Object /Game/FirstPersonBP/Animations/FirstPerson_Fire.FirstPerson_Fire'
[2015.12.02-14.23.36:175][887]LogLinker:Warning: Can't find file '/Game/FirstPersonBP/Animations/FirstPerson_Idle'
[2015.12.02-14.23.36:175][887]LogLinker:Warning: Can't find file '/Game/FirstPersonBP/Animations/FirstPerson_Idle'
[2015.12.02-14.23.36:175][887]LogUObjectGlobals:Warning: Failed to find object 'Object /Game/FirstPersonBP/Animations/FirstPerson_Idle.FirstPerson_Idle'
[2015.12.02-14.23.36:176][887]LogLinker:Warning: Can't find file '/Game/FirstPersonBP/Animations/FirstPerson_JumpEnd'
[2015.12.02-14.23.36:176][887]LogLinker:Warning: Can't find file '/Game/FirstPersonBP/Animations/FirstPerson_JumpEnd'
[2015.12.02-14.23.36:176][887]LogUObjectGlobals:Warning: Failed to find object 'Object /Game/FirstPersonBP/Animations/FirstPerson_JumpEnd.FirstPerson_JumpEnd'
[2015.12.02-14.23.36:176][887]LogLinker:Warning: Can't find file '/Game/FirstPersonBP/Animations/FirstPerson_JumpLoop'
[2015.12.02-14.23.36:176][887]LogLinker:Warning: Can't find file '/Game/FirstPersonBP/Animations/FirstPerson_JumpLoop'
[2015.12.02-14.23.36:176][887]LogUObjectGlobals:Warning: Failed to find object 'Object /Game/FirstPersonBP/Animations/FirstPerson_JumpLoop.FirstPerson_JumpLoop'
[2015.12.02-14.23.36:176][887]LogLinker:Warning: Can't find file '/Game/FirstPersonBP/Animations/FirstPerson_JumpStart'
[2015.12.02-14.23.36:176][887]LogLinker:Warning: Can't find file '/Game/FirstPersonBP/Animations/FirstPerson_JumpStart'
[2015.12.02-14.23.36:176][887]LogUObjectGlobals:Warning: Failed to find object 'Object /Game/FirstPersonBP/Animations/FirstPerson_JumpStart.FirstPerson_JumpStart'
[2015.12.02-14.23.36:177][887]LogLinker:Warning: Can't find file '/Game/FirstPersonBP/Animations/FirstPerson_Run'
[2015.12.02-14.23.36:177][887]LogLinker:Warning: Can't find file '/Game/FirstPersonBP/Animations/FirstPerson_Run'
[2015.12.02-14.23.36:177][887]LogUObjectGlobals:Warning: Failed to find object 'Object /Game/FirstPersonBP/Animations/FirstPerson_Run.FirstPerson_Run'
[2015.12.02-14.23.37:543][ 51]LogLinker:Warning: Can't find file '/Game/FirstPersonBP/Meshes/CubeMaterial'
[2015.12.02-14.23.37:543][ 51]LogLinker:Warning: Can't find file '/Game/FirstPersonBP/Meshes/CubeMaterial'
[2015.12.02-14.23.37:543][ 51]LogUObjectGlobals:Warning: Failed to find object 'Object /Game/FirstPersonBP/Meshes/CubeMaterial.CubeMaterial'
[2015.12.02-14.23.37:544][ 51]LogLinker:Warning: Can't find file '/Game/FirstPersonBP/Meshes/CubeMesh'
[2015.12.02-14.23.37:544][ 51]LogLinker:Warning: Can't find file '/Game/FirstPersonBP/Meshes/CubeMesh'
[2015.12.02-14.23.37:544][ 51]LogUObjectGlobals:Warning: Failed to find object 'Object /Game/FirstPersonBP/Meshes/CubeMesh.CubeMesh'
[2015.12.02-14.23.37:544][ 51]LogLinker:Warning: Can't find file '/Game/FirstPersonBP/Meshes/FirstPersonCube_Rounded'
[2015.12.02-14.23.37:544][ 51]LogLinker:Warning: Can't find file '/Game/FirstPersonBP/Meshes/FirstPersonCube_Rounded'
[2015.12.02-14.23.37:544][ 51]LogUObjectGlobals:Warning: Failed to find object 'Object /Game/FirstPersonBP/Meshes/FirstPersonCube_Rounded.FirstPersonCube_Rounded'
[2015.12.02-14.23.39:202][250]LogLinker:Warning: Can't find file '/Game/FirstPersonBP/Textures/FirstPersonCrosshair'
[2015.12.02-14.23.39:202][250]LogLinker:Warning: Can't find file '/Game/FirstPersonBP/Textures/FirstPersonCrosshair'
[2015.12.02-14.23.39:202][250]LogUObjectGlobals:Warning: Failed to find object 'Object /Game/FirstPersonBP/Textures/FirstPersonCrosshair.FirstPersonCrosshair'
[2015.12.02-14.23.41:362][509]LogEditorViewport: Clicking on Actor (LMB): TextRenderActor (TemplateLabel)
[2015.12.02-14.23.46:817][ 52]LogLinker:Warning: Can't find file '/Game/FirstPersonBP/Audio/FirstPerson_WeaponFire'
[2015.12.02-14.23.46:817][ 52]LogLinker:Warning: Can't find file '/Game/FirstPersonBP/Audio/FirstPerson_WeaponFire'
[2015.12.02-14.23.46:817][ 52]LogUObjectGlobals:Warning: Failed to find object 'Object /Game/FirstPersonBP/Audio/FirstPerson_WeaponFire.FirstPerson_WeaponFire'
[2015.12.02-14.23.49:667][394]LogUObjectGlobals:Warning: Failed to find object 'Object None.LevelToolbarPlay'
[2015.12.02-14.24.09:177][719]LogBlueprintUserMessages: Early PlayInEditor Detection: Level '/Game/FirstPersonBP/Maps/FirstPersonExampleMap.FirstPersonExampleMap:PersistentLevel' has LevelScriptBlueprint '/Game/FirstPersonBP/Maps/FirstPersonExampleMap.FirstPersonExampleMap:PersistentLevel.FirstPersonExampleMap' with GeneratedClass '/Game/FirstPersonBP/Maps/FirstPersonExampleMap.FirstPersonExampleMap_C' with ClassGeneratedBy '/Game/FirstPersonBP/Maps/FirstPersonExampleMap.FirstPersonExampleMap:PersistentLevel.FirstPersonExampleMap'
[2015.12.02-14.24.09:177][719]LogPlayLevel: PlayLevel: No blueprints needed recompiling
[2015.12.02-14.24.09:178][719]PIE: New page: PIE session: FirstPersonExampleMap (Dec 2, 2015, 2:24:09 AM)
[2015.12.02-14.24.09:178][719]LogPlayLevel: Creating play world package: /Game/FirstPersonBP/Maps/UEDPIE_0_FirstPersonExampleMap
[2015.12.02-14.24.09:196][719]LogPlayLevel: PIE: StaticDuplicateObject took: (0.018471s)
[2015.12.02-14.24.09:197][719]LogAIModule: Creating AISystem for world FirstPersonExampleMap
[2015.12.02-14.24.09:197][719]LogPlayLevel: PIE: World Init took: (0.000825s)
[2015.12.02-14.24.09:197][719]LogPlayLevel: PIE: Created PIE world by copying editor world from /Game/FirstPersonBP/Maps/FirstPersonExampleMap.FirstPersonExampleMap to /Game/FirstPersonBP/Maps/UEDPIE_0_FirstPersonExampleMap.FirstPersonExampleMap (0.019482s)
[2015.12.02-14.24.09:197][719]LogActorComponent: UnregisterComponent: (/Engine/Transient.ProjectileMovementComponent_40__A6522401) Not registered. Aborting.
[2015.12.02-14.24.09:197][719]LogActorComponent: UnregisterComponent: (/Engine/Transient.CharMoveComp) Not registered. Aborting.
[2015.12.02-14.24.09:221][719]LogInit: XAudio2 using 'PHILIPS (NVIDIA High Definition Audio)' : 2 channels at 48 kHz using 32 bits per sample (channel mask 0x3)
[2015.12.02-14.24.09:224][719]LogInit: FAudioDevice initialized.
[2015.12.02-14.24.09:270][719]LogWorld: Game class is 'FirstPersonGameMode_C'
[2015.12.02-14.24.09:273][719]LogWorld: Bringing World /Game/FirstPersonBP/Maps/UEDPIE_0_FirstPersonExampleMap.FirstPersonExampleMap up for play (max tick rate 0) at 2015.12.02-08.24.09
[2015.12.02-14.24.09:273][719]LogActor:Warning: GameSession /Game/FirstPersonBP/Maps/UEDPIE_0_FirstPersonExampleMap.FirstPersonExampleMap:PersistentLevel.GameSession_0 has natively added scene component(s), but none of them were set as the actor's RootComponent - picking one arbitrarily
[2015.12.02-14.24.09:274][719]LogActor:Warning: GameNetworkManager /Game/FirstPersonBP/Maps/UEDPIE_0_FirstPersonExampleMap.FirstPersonExampleMap:PersistentLevel.GameNetworkManager_0 has natively added scene component(s), but none of them were set as the actor's RootComponent - picking one arbitrarily
[2015.12.02-14.24.09:274][719]LogWorld: Bringing up level for play took: 0.003230
[2015.12.02-14.24.09:275][719]PIE: Info Play in editor start time for /Game/FirstPersonBP/Maps/UEDPIE_0_FirstPersonExampleMap 0.431
[2015.12.02-14.24.09:275][719]LogBlueprintUserMessages: Late PlayInEditor Detection: Level '/Game/FirstPersonBP/Maps/FirstPersonExampleMap.FirstPersonExampleMap:PersistentLevel' has LevelScriptBlueprint '/Game/FirstPersonBP/Maps/FirstPersonExampleMap.FirstPersonExampleMap:PersistentLevel.FirstPersonExampleMap' with GeneratedClass '/Game/FirstPersonBP/Maps/FirstPersonExampleMap.FirstPersonExampleMap_C' with ClassGeneratedBy '/Game/FirstPersonBP/Maps/FirstPersonExampleMap.FirstPersonExampleMap:PersistentLevel.FirstPersonExampleMap'
[2015.12.02-14.24.29:500][ 90]LogSpawn:Warning: SpawnActor failed because of collision at the spawn location [X=879.941 Y=-1096.161 Z=275.354] for [FirstPersonProjectile_C]
[2015.12.02-14.24.35:688][833]LogBlueprintUserMessages: Early EndPlayMap Detection: Level '/Game/FirstPersonBP/Maps/FirstPersonExampleMap.FirstPersonExampleMap:PersistentLevel' has LevelScriptBlueprint '/Game/FirstPersonBP/Maps/FirstPersonExampleMap.FirstPersonExampleMap:PersistentLevel.FirstPersonExampleMap' with GeneratedClass '/Game/FirstPersonBP/Maps/FirstPersonExampleMap.FirstPersonExampleMap_C' with ClassGeneratedBy '/Game/FirstPersonBP/Maps/FirstPersonExampleMap.FirstPersonExampleMap:PersistentLevel.FirstPersonExampleMap'
[2015.12.02-14.24.35:750][833]LogBlueprintUserMessages: Late EndPlayMap Detection: Level '/Game/FirstPersonBP/Maps/FirstPersonExampleMap.FirstPersonExampleMap:PersistentLevel' has LevelScriptBlueprint '/Game/FirstPersonBP/Maps/FirstPersonExampleMap.FirstPersonExampleMap:PersistentLevel.FirstPersonExampleMap' with GeneratedClass '/Game/FirstPersonBP/Maps/FirstPersonExampleMap.FirstPersonExampleMap_C' with ClassGeneratedBy '/Game/FirstPersonBP/Maps/FirstPersonExampleMap.FirstPersonExampleMap:PersistentLevel.FirstPersonExampleMap'
[2015.12.02-14.24.35:760][833]LogParticles: Destroying 0 GPU particle simulations for FXSystem 0x000000C242E59760
[2015.12.02-14.25.02:885][ 70]LogEditorViewport: Clicking on Actor (LMB): FirstPersonCharacter_C (FirstPersonCharacter)
[2015.12.02-14.25.13:689][356]LogBlueprintUserMessages: Early PlayInEditor Detection: Level '/Game/FirstPersonBP/Maps/FirstPersonExampleMap.FirstPersonExampleMap:PersistentLevel' has LevelScriptBlueprint '/Game/FirstPersonBP/Maps/FirstPersonExampleMap.FirstPersonExampleMap:PersistentLevel.FirstPersonExampleMap' with GeneratedClass '/Game/FirstPersonBP/Maps/FirstPersonExampleMap.FirstPersonExampleMap_C' with ClassGeneratedBy '/Game/FirstPersonBP/Maps/FirstPersonExampleMap.FirstPersonExampleMap:PersistentLevel.FirstPersonExampleMap'
[2015.12.02-14.25.13:689][356]LogPlayLevel: PlayLevel: No blueprints needed recompiling
[2015.12.02-14.25.13:689][356]PIE: New page: PIE session: FirstPersonExampleMap (Dec 2, 2015, 2:25:13 AM)
[2015.12.02-14.25.13:689][356]LogPlayLevel: Creating play world package: /Game/FirstPersonBP/Maps/UEDPIE_0_FirstPersonExampleMap
[2015.12.02-14.25.13:704][356]LogPlayLevel: PIE: StaticDuplicateObject took: (0.014926s)
[2015.12.02-14.25.13:705][356]LogAIModule: Creating AISystem for world FirstPersonExampleMap
[2015.12.02-14.25.13:705][356]LogPlayLevel: PIE: World Init took: (0.000900s)
[2015.12.02-14.25.13:705][356]LogPlayLevel: PIE: Created PIE world by copying editor world from /Game/FirstPersonBP/Maps/FirstPersonExampleMap.FirstPersonExampleMap to /Game/FirstPersonBP/Maps/UEDPIE_0_FirstPersonExampleMap.FirstPersonExampleMap (0.016003s)
[2015.12.02-14.25.13:705][356]LogActorComponent: UnregisterComponent: (/Engine/Transient.ProjectileMovementComponent_40__A6522401) Not registered. Aborting.
[2015.12.02-14.25.13:705][356]LogActorComponent: UnregisterComponent: (/Engine/Transient.CharMoveComp) Not registered. Aborting.
[2015.12.02-14.25.13:752][356]LogInit: XAudio2 using 'PHILIPS (NVIDIA High Definition Audio)' : 2 channels at 48 kHz using 32 bits per sample (channel mask 0x3)
[2015.12.02-14.25.13:754][356]LogInit: FAudioDevice initialized.
[2015.12.02-14.25.13:786][356]LogWorld: Game class is 'FirstPersonGameMode_C'
[2015.12.02-14.25.13:789][356]LogWorld: Bringing World /Game/FirstPersonBP/Maps/UEDPIE_0_FirstPersonExampleMap.FirstPersonExampleMap up for play (max tick rate 0) at 2015.12.02-08.25.13
[2015.12.02-14.25.13:789][356]LogActor:Warning: GameSession /Game/FirstPersonBP/Maps/UEDPIE_0_FirstPersonExampleMap.FirstPersonExampleMap:PersistentLevel.GameSession_1 has natively added scene component(s), but none of them were set as the actor's RootComponent - picking one arbitrarily
[2015.12.02-14.25.13:789][356]LogActor:Warning: GameNetworkManager /Game/FirstPersonBP/Maps/UEDPIE_0_FirstPersonExampleMap.FirstPersonExampleMap:PersistentLevel.GameNetworkManager_1 has natively added scene component(s), but none of them were set as the actor's RootComponent - picking one arbitrarily
[2015.12.02-14.25.13:790][356]LogWorld: Bringing up level for play took: 0.003113
[2015.12.02-14.25.13:790][356]PIE: Info Play in editor start time for /Game/FirstPersonBP/Maps/UEDPIE_0_FirstPersonExampleMap 0.946
[2015.12.02-14.25.13:790][356]LogBlueprintUserMessages: Late PlayInEditor Detection: Level '/Game/FirstPersonBP/Maps/FirstPersonExampleMap.FirstPersonExampleMap:PersistentLevel' has LevelScriptBlueprint '/Game/FirstPersonBP/Maps/FirstPersonExampleMap.FirstPersonExampleMap:PersistentLevel.FirstPersonExampleMap' with GeneratedClass '/Game/FirstPersonBP/Maps/FirstPersonExampleMap.FirstPersonExampleMap_C' with ClassGeneratedBy '/Game/FirstPersonBP/Maps/FirstPersonExampleMap.FirstPersonExampleMap:PersistentLevel.FirstPersonExampleMap'
[2015.12.02-14.25.19:589][ 50]LogBlueprintUserMessages: Early EndPlayMap Detection: Level '/Game/FirstPersonBP/Maps/FirstPersonExampleMap.FirstPersonExampleMap:PersistentLevel' has LevelScriptBlueprint '/Game/FirstPersonBP/Maps/FirstPersonExampleMap.FirstPersonExampleMap:PersistentLevel.FirstPersonExampleMap' with GeneratedClass '/Game/FirstPersonBP/Maps/FirstPersonExampleMap.FirstPersonExampleMap_C' with ClassGeneratedBy '/Game/FirstPersonBP/Maps/FirstPersonExampleMap.FirstPersonExampleMap:PersistentLevel.FirstPersonExampleMap'
[2015.12.02-14.25.19:639][ 50]LogBlueprintUserMessages: Late EndPlayMap Detection: Level '/Game/FirstPersonBP/Maps/FirstPersonExampleMap.FirstPersonExampleMap:PersistentLevel' has LevelScriptBlueprint '/Game/FirstPersonBP/Maps/FirstPersonExampleMap.FirstPersonExampleMap:PersistentLevel.FirstPersonExampleMap' with GeneratedClass '/Game/FirstPersonBP/Maps/FirstPersonExampleMap.FirstPersonExampleMap_C' with ClassGeneratedBy '/Game/FirstPersonBP/Maps/FirstPersonExampleMap.FirstPersonExampleMap:PersistentLevel.FirstPersonExampleMap'
[2015.12.02-14.25.19:649][ 50]LogParticles: Destroying 0 GPU particle simulations for FXSystem 0x000000C243F50900
[2015.12.02-14.26.03:281][271]LogLinker:Warning: Asset '../../../Engine/Content/ArtTools/RenderToTexture/Macros/RenderToTextureMacros.uasset' has been saved with empty engine version. The asset will be loaded but may be incompatible.
[2015.12.02-14.26.03:558][271]LogContentBrowser: Native class hierarchy updated for 'BlueprintGraph' in 0.0006 seconds. Added 107 classes and 0 folders.
[2015.12.02-14.26.09:623][901]LogScript:Warning: Accessed None 'FP_Gun'
	FirstPersonCharacter_C /Game/FirstPersonBP/Maps/FirstPersonExampleMap.FirstPersonExampleMap:PersistentLevel.FirstPersonCharacter_C_0
	Function /Game/FirstPersonBP/Blueprints/FirstPersonCharacter.FirstPersonCharacter_C:UserConstructionScript:000D
[2015.12.02-14.26.09:624][901]LogScript:Warning: Accessed None 'FP_Gun'
	FirstPersonCharacter_C /Engine/Transient.World_3:PersistentLevel.FirstPersonCharacter_C_53
	Function /Game/FirstPersonBP/Blueprints/FirstPersonCharacter.FirstPersonCharacter_C:UserConstructionScript:000D
[2015.12.02-14.26.09:625][901]LogActorComponent: UnregisterComponent: (/Engine/Transient.ProjectileMovementComponent_40__A6522401) Not registered. Aborting.
[2015.12.02-14.26.09:625][901]LogActorComponent: UnregisterComponent: (/Engine/Transient.CharMoveComp) Not registered. Aborting.
[2015.12.02-14.26.09:637][901]LogSCSEditor:Warning: Calling UpdateTree() from Tick() more frequently than expected due to invalid tree node state. This might be a performance issue.
[2015.12.02-14.26.09:674][901]LogScript:Warning: Accessed None 'FP_Gun'
	FirstPersonCharacter_C /Engine/Transient.World_3:PersistentLevel.FirstPersonCharacter_C_53
	Function /Game/FirstPersonBP/Blueprints/FirstPersonCharacter.FirstPersonCharacter_C:UserConstructionScript:000D
[2015.12.02-14.26.12:024][180]LogScript:Warning: Accessed None 'FP_Gun'
	FirstPersonCharacter_C /Game/FirstPersonBP/Maps/FirstPersonExampleMap.FirstPersonExampleMap:PersistentLevel.FirstPersonCharacter_C_0
	Function /Game/FirstPersonBP/Blueprints/FirstPersonCharacter.FirstPersonCharacter_C:UserConstructionScript:000D
[2015.12.02-14.26.12:025][180]LogScript:Warning: Accessed None 'FP_Gun'
	FirstPersonCharacter_C /Engine/Transient.World_3:PersistentLevel.FirstPersonCharacter_C_53
	Function /Game/FirstPersonBP/Blueprints/FirstPersonCharacter.FirstPersonCharacter_C:UserConstructionScript:000D
[2015.12.02-14.26.12:033][180]LogSCSEditor:Warning: Calling UpdateTree() from Tick() more frequently than expected due to invalid tree node state. This might be a performance issue.
[2015.12.02-14.26.12:044][180]LogScript:Warning: Accessed None 'FP_Gun'
	FirstPersonCharacter_C /Engine/Transient.World_3:PersistentLevel.FirstPersonCharacter_C_53
	Function /Game/FirstPersonBP/Blueprints/FirstPersonCharacter.FirstPersonCharacter_C:UserConstructionScript:000D
[2015.12.02-14.26.14:926][525]LogBlueprintUserMessages: Early PlayInEditor Detection: Level '/Game/FirstPersonBP/Maps/FirstPersonExampleMap.FirstPersonExampleMap:PersistentLevel' has LevelScriptBlueprint '/Game/FirstPersonBP/Maps/FirstPersonExampleMap.FirstPersonExampleMap:PersistentLevel.FirstPersonExampleMap' with GeneratedClass '/Game/FirstPersonBP/Maps/FirstPersonExampleMap.FirstPersonExampleMap_C' with ClassGeneratedBy '/Game/FirstPersonBP/Maps/FirstPersonExampleMap.FirstPersonExampleMap:PersistentLevel.FirstPersonExampleMap'
[2015.12.02-14.26.14:926][525]BlueprintLog: New page: Pre-Play auto-recompile
[2015.12.02-14.26.14:927][525]LogScript:Warning: Accessed None 'FP_Gun'
	FirstPersonCharacter_C /Game/FirstPersonBP/Maps/FirstPersonExampleMap.FirstPersonExampleMap:PersistentLevel.FirstPersonCharacter_C_0
	Function /Game/FirstPersonBP/Blueprints/FirstPersonCharacter.FirstPersonCharacter_C:UserConstructionScript:000D
[2015.12.02-14.26.14:928][525]LogScript:Warning: Accessed None 'FP_Gun'
	FirstPersonCharacter_C /Engine/Transient.World_3:PersistentLevel.FirstPersonCharacter_C_53
	Function /Game/FirstPersonBP/Blueprints/FirstPersonCharacter.FirstPersonCharacter_C:UserConstructionScript:000D
[2015.12.02-14.26.14:929][525]LogPlayLevel: [PlayLevel] Compiling FirstPersonCharacter before play...
[2015.12.02-14.26.14:944][525]LogBlueprint:Error: [compiler FirstPersonCharacter] Error This blueprint (self) is not a SkeletalMeshComponent, therefore ' Target ' must have a connection.
[2015.12.02-14.26.14:945][525]LogBlueprint:Error: [compiler FirstPersonCharacter] Error This blueprint (self) is not a SceneComponent, therefore ' Target ' must have a connection.
[2015.12.02-14.26.15:096][525]LogBlueprint:Warning: [compiler FirstPersonCharacter] Warning [1231.72] Compile of FirstPersonCharacter failed. 2 Fatal Issue(s) 0 Warning(s) [in 161 ms]
[2015.12.02-14.26.15:097][525]LogBlueprint:Warning: [compiler FirstPersonCharacter] Warning [1231.72] Compile of FirstPersonCharacter failed. 2 Fatal Issue(s) 1 Warning(s) [in 0 ms]
[2015.12.02-14.26.15:097][525]LogBlueprint:Warning: [compiler FirstPersonCharacter] Warning [1231.72] Compile of FirstPersonCharacter failed. 2 Fatal Issue(s) 2 Warning(s) [in 0 ms]
[2015.12.02-14.26.15:097][525]LogBlueprint:Warning: [compiler FirstPersonCharacter] Warning [1231.72] Compile of FirstPersonCharacter failed. 2 Fatal Issue(s) 3 Warning(s) [in 0 ms]
[2015.12.02-14.26.15:099][525]LogBlueprint:Warning: [compiler FirstPersonCharacter] Warning [1231.72] Compile of FirstPersonCharacter failed. 2 Fatal Issue(s) 4 Warning(s) [in 2 ms]
[2015.12.02-14.26.15:099][525]LogBlueprint:Warning: [compiler FirstPersonCharacter] Warning [1231.72] Compile of FirstPersonCharacter failed. 2 Fatal Issue(s) 5 Warning(s) [in 0 ms]
[2015.12.02-14.26.15:099][525]LogPlayLevel: PlayLevel: Blueprint regeneration took 173 ms (1 blueprints)
[2015.12.02-14.26.15:099][525]LogActorComponent: UnregisterComponent: (/Engine/Transient.CharacterMovementComponent_0) Not registered. Aborting.
[2015.12.02-14.26.15:121][525]BlueprintLog: Info Blueprint FirstPersonCharacter failed to compile
[2015.12.02-14.26.21:396][731]BlueprintLog: New page: Compile FirstPersonCharacter
[2015.12.02-14.26.21:411][731]LogBlueprint:Error: [compiler FirstPersonCharacter] Error This blueprint (self) is not a SkeletalMeshComponent, therefore ' Target ' must have a connection.
[2015.12.02-14.26.21:412][731]LogBlueprint:Error: [compiler FirstPersonCharacter] Error This blueprint (self) is not a SceneComponent, therefore ' Target ' must have a connection.
[2015.12.02-14.26.21:509][731]LogActorComponent: UnregisterComponent: (/Engine/Transient.ProjectileMovementComponent_40__A6522401) Not registered. Aborting.
[2015.12.02-14.26.21:531][731]LogBlueprint:Warning: [compiler FirstPersonCharacter] Warning [1238.15] Compile of FirstPersonCharacter failed. 2 Fatal Issue(s) 0 Warning(s) [in 135 ms]
[2015.12.02-14.26.21:531][731]BlueprintEditorCompileResults:Error: Error This blueprint (self) is not a SkeletalMeshComponent, therefore ' Target ' must have a connection.
[2015.12.02-14.26.21:531][731]BlueprintEditorCompileResults:Error: Error This blueprint (self) is not a SceneComponent, therefore ' Target ' must have a connection.
[2015.12.02-14.26.21:531][731]BlueprintEditorCompileResults:Warning: Warning [1238.15] Compile of FirstPersonCharacter failed. 2 Fatal Issue(s) 0 Warning(s) [in 135 ms]
[2015.12.02-14.27.18:974][643]LogBlueprintUserMessages: Early PlayInEditor Detection: Level '/Game/FirstPersonBP/Maps/FirstPersonExampleMap.FirstPersonExampleMap:PersistentLevel' has LevelScriptBlueprint '/Game/FirstPersonBP/Maps/FirstPersonExampleMap.FirstPersonExampleMap:PersistentLevel.FirstPersonExampleMap' with GeneratedClass '/Game/FirstPersonBP/Maps/FirstPersonExampleMap.FirstPersonExampleMap_C' with ClassGeneratedBy '/Game/FirstPersonBP/Maps/FirstPersonExampleMap.FirstPersonExampleMap:PersistentLevel.FirstPersonExampleMap'
[2015.12.02-14.27.18:974][643]BlueprintLog: New page: Pre-Play auto-recompile
[2015.12.02-14.27.18:977][643]LogPlayLevel: [PlayLevel] Compiling FirstPersonCharacter before play...
[2015.12.02-14.27.18:992][643]LogBlueprint:Error: [compiler FirstPersonCharacter] Error This blueprint (self) is not a SkeletalMeshComponent, therefore ' Target ' must have a connection.
[2015.12.02-14.27.19:091][643]LogBlueprint:Warning: [compiler FirstPersonCharacter] Warning [1296.35] Compile of FirstPersonCharacter failed. 1 Fatal Issue(s) 0 Warning(s) [in 107 ms]
[2015.12.02-14.27.19:091][643]LogBlueprint:Warning: [compiler FirstPersonCharacter] Warning [1296.35] Compile of FirstPersonCharacter failed. 1 Fatal Issue(s) 1 Warning(s) [in 0 ms]
[2015.12.02-14.27.19:091][643]LogBlueprint:Warning: [compiler FirstPersonCharacter] Warning [1296.35] Compile of FirstPersonCharacter failed. 1 Fatal Issue(s) 2 Warning(s) [in 0 ms]
[2015.12.02-14.27.19:091][643]LogBlueprint:Warning: [compiler FirstPersonCharacter] Warning [1296.35] Compile of FirstPersonCharacter failed. 1 Fatal Issue(s) 3 Warning(s) [in 0 ms]
[2015.12.02-14.27.19:093][643]LogBlueprint:Warning: [compiler FirstPersonCharacter] Warning [1296.35] Compile of FirstPersonCharacter failed. 1 Fatal Issue(s) 4 Warning(s) [in 2 ms]
[2015.12.02-14.27.19:093][643]LogBlueprint:Warning: [compiler FirstPersonCharacter] Warning [1296.35] Compile of FirstPersonCharacter failed. 1 Fatal Issue(s) 5 Warning(s) [in 0 ms]
[2015.12.02-14.27.19:093][643]LogPlayLevel: PlayLevel: Blueprint regeneration took 119 ms (1 blueprints)
[2015.12.02-14.27.19:114][643]BlueprintLog: Info Blueprint FirstPersonCharacter failed to compile
[2015.12.02-14.27.22:352][778]BlueprintLog: New page: Compile FirstPersonCharacter
[2015.12.02-14.27.22:367][778]LogBlueprint:Error: [compiler FirstPersonCharacter] Error This blueprint (self) is not a SkeletalMeshComponent, therefore ' Target ' must have a connection.
[2015.12.02-14.27.22:489][778]LogBlueprint:Warning: [compiler FirstPersonCharacter] Warning [1299.75] Compile of FirstPersonCharacter failed. 1 Fatal Issue(s) 0 Warning(s) [in 136 ms]
[2015.12.02-14.27.22:489][778]BlueprintEditorCompileResults:Error: Error This blueprint (self) is not a SkeletalMeshComponent, therefore ' Target ' must have a connection.
[2015.12.02-14.27.22:489][778]BlueprintEditorCompileResults:Warning: Warning [1299.75] Compile of FirstPersonCharacter failed. 1 Fatal Issue(s) 0 Warning(s) [in 136 ms]
[2015.12.02-14.27.50:999][ 31]LogUProjectInfo: Found projects:
[2015.12.02-14.27.53:618][343]Cmd: CLOSE_SLATE_MAINFRAME
[2015.12.02-14.27.55:317][343]LogWindowsTextInputMethodSystem:Display: IME system now deactivated.
[2015.12.02-14.27.55:524][344]Cmd: QUIT_EDITOR
[2015.12.02-14.27.56:408][344]LogExit: Preparing to exit.
[2015.12.02-14.27.57:555][344]LogExit: Editor shut down
[2015.12.02-14.27.57:555][344]LogExit: Transaction tracking system shut down
[2015.12.02-14.27.57:557][344]LogParticles: Destroying 0 GPU particle simulations for FXSystem 0x000000C245C5EAC0
[2015.12.02-14.27.57:557][344]LogParticles: Destroying 0 GPU particle simulations for FXSystem 0x000000C2431BF880
[2015.12.02-14.27.57:557][344]LogParticles: Destroying 0 GPU particle simulations for FXSystem 0x000000C201253100
[2015.12.02-14.27.57:557][344]LogParticles: Destroying 0 GPU particle simulations for FXSystem 0x000000C20162BEC0
[2015.12.02-14.27.57:558][344]LogParticles: Destroying 0 GPU particle simulations for FXSystem 0x000000C226A12480
[2015.12.02-14.27.57:560][344]LogParticles: Destroying 0 GPU particle simulations for FXSystem 0x000000C2899C9760
[2015.12.02-14.27.57:739][344]LogExit: Object subsystem successfully closed.
[2015.12.02-14.27.57:757][344]LogD3D11RHI: Shutdown
[2015.12.02-14.27.57:757][344]LogD3D11RHI: CleanupD3DDevice
[2015.12.02-14.27.57:803][344]LogD3D11RHI: ~FD3D11DynamicRHI
[2015.12.02-14.27.57:812][344]LogModuleManager: Shutting down and abandoning module BlueprintGraph (199)
[2015.12.02-14.27.57:812][344]LogModuleManager: Shutting down and abandoning module CrashTracker (198)
[2015.12.02-14.27.57:812][344]LogModuleManager: Shutting down and abandoning module SceneOutliner (197)
[2015.12.02-14.27.57:812][344]LogModuleManager: Shutting down and abandoning module SuperSearch (196)
[2015.12.02-14.27.57:812][344]LogModuleManager: Shutting down and abandoning module WidgetCarousel (195)
[2015.12.02-14.27.57:812][344]LogModuleManager: Shutting down and abandoning module AddContentDialog (194)
[2015.12.02-14.27.57:812][344]LogModuleManager: Shutting down and abandoning module EditorWidgets (193)
[2015.12.02-14.27.57:812][344]LogModuleManager: Shutting down and abandoning module CollectionManager (192)
[2015.12.02-14.27.57:813][344]LogModuleManager: Shutting down and abandoning module StatsViewer (191)
[2015.12.02-14.27.57:813][344]LogModuleManager: Shutting down and abandoning module FoliageEdit (190)
[2015.12.02-14.27.57:813][344]LogModuleManager: Shutting down and abandoning module LandscapeEditor (189)
[2015.12.02-14.27.57:813][344]LogModuleManager: Shutting down and abandoning module ActorPickerMode (188)
[2015.12.02-14.27.57:813][344]LogModuleManager: Shutting down and abandoning module GeometryMode (187)
[2015.12.02-14.27.57:813][344]LogModuleManager: Shutting down and abandoning module TextureAlignMode (186)
[2015.12.02-14.27.57:813][344]LogModuleManager: Shutting down and abandoning module BspMode (185)
[2015.12.02-14.27.57:813][344]LogModuleManager: Shutting down and abandoning module PlacementMode (184)
[2015.12.02-14.27.57:813][344]LogModuleManager: Shutting down and abandoning module AutomationWorker (183)
[2015.12.02-14.27.57:813][344]LogModuleManager: Shutting down and abandoning module CharacterAI (182)
[2015.12.02-14.27.57:813][344]LogModuleManager: Shutting down and abandoning module SmartSnapping (181)
[2015.12.02-14.27.57:813][344]LogModuleManager: Shutting down and abandoning module ViewportSnapping (180)
[2015.12.02-14.27.57:813][344]LogModuleManager: Shutting down and abandoning module LogVisualizer (179)
[2015.12.02-14.27.57:813][344]LogModuleManager: Shutting down and abandoning module GameProjectGeneration (178)
[2015.12.02-14.27.57:813][344]LogModuleManager: Shutting down and abandoning module IntroTutorials (177)
[2015.12.02-14.27.57:813][344]LogModuleManager: Shutting down and abandoning module EditorLiveStreaming (176)
[2015.12.02-14.27.57:813][344]LogModuleManager: Shutting down and abandoning module IOSPlatformEditor (175)
[2015.12.02-14.27.57:813][344]LogModuleManager: Shutting down and abandoning module HTML5PlatformEditor (174)
[2015.12.02-14.27.57:813][344]LogModuleManager: Shutting down and abandoning module AndroidDeviceDetection (173)
[2015.12.02-14.27.58:033][344]LogModuleManager: Shutting down and abandoning module AndroidPlatformEditor (172)
[2015.12.02-14.27.58:033][344]LogModuleManager: Shutting down and abandoning module IOSRuntimeSettings (171)
[2015.12.02-14.27.58:033][344]LogModuleManager: Shutting down and abandoning module AndroidRuntimeSettings (170)
[2015.12.02-14.27.58:033][344]LogModuleManager: Shutting down and abandoning module MergeActors (169)
[2015.12.02-14.27.58:033][344]LogModuleManager: Shutting down and abandoning module SizeMap (168)
[2015.12.02-14.27.58:033][344]LogModuleManager: Shutting down and abandoning module TreeMap (167)
[2015.12.02-14.27.58:033][344]LogModuleManager: Shutting down and abandoning module ReferenceViewer (166)
[2015.12.02-14.27.58:033][344]LogModuleManager: Shutting down and abandoning module LocalizationService (165)
[2015.12.02-14.27.58:033][344]LogModuleManager: Shutting down and abandoning module LocalizationDashboard (164)
[2015.12.02-14.27.58:033][344]LogModuleManager: Shutting down and abandoning module HardwareTargeting (163)
[2015.12.02-14.27.58:033][344]LogModuleManager: Shutting down and abandoning module DeviceProfileEditor (162)
[2015.12.02-14.27.58:033][344]LogModuleManager: Shutting down and abandoning module UndoHistory (161)
[2015.12.02-14.27.58:033][344]LogModuleManager: Shutting down and abandoning module GameplayTagsEditor (160)
[2015.12.02-14.27.58:033][344]LogModuleManager: Shutting down and abandoning module UserFeedback (159)
[2015.12.02-14.27.58:033][344]LogModuleManager: Shutting down and abandoning module XmlParser (158)
[2015.12.02-14.27.58:033][344]LogModuleManager: Shutting down and abandoning module Blutility (157)
[2015.12.02-14.27.58:033][344]LogModuleManager: Shutting down and abandoning module ProjectTargetPlatformEditor (156)
[2015.12.02-14.27.58:033][344]LogModuleManager: Shutting down and abandoning module ProjectSettingsViewer (155)
[2015.12.02-14.27.58:033][344]LogModuleManager: Shutting down and abandoning module InputBindingEditor (154)
[2015.12.02-14.27.58:033][344]LogModuleManager: Shutting down and abandoning module EditorSettingsViewer (153)
[2015.12.02-14.27.58:033][344]LogModuleManager: Shutting down and abandoning module SettingsEditor (152)
[2015.12.02-14.27.58:033][344]LogModuleManager: Shutting down and abandoning module ProjectLauncher (151)
[2015.12.02-14.27.58:033][344]LogModuleManager: Shutting down and abandoning module SessionFrontend (150)
[2015.12.02-14.27.58:033][344]LogModuleManager: Shutting down and abandoning module ProfilerClient (149)
[2015.12.02-14.27.58:033][344]LogModuleManager: Shutting down and abandoning module TargetDeviceServices (148)
[2015.12.02-14.27.58:033][344]LogModuleManager: Shutting down and abandoning module DeviceManager (147)
[2015.12.02-14.27.58:033][344]LogModuleManager: Shutting down and abandoning module AutomationController (146)
[2015.12.02-14.27.58:033][344]LogModuleManager: Shutting down and abandoning module AutomationWindow (145)
[2015.12.02-14.27.58:033][344]LogModuleManager: Shutting down and abandoning module Layers (144)
[2015.12.02-14.27.58:033][344]LogModuleManager: Shutting down and abandoning module ComponentVisualizers (143)
[2015.12.02-14.27.58:033][344]LogModuleManager: Shutting down and abandoning module DetailCustomizations (142)
[2015.12.02-14.27.58:033][344]LogModuleManager: Shutting down and abandoning module PackagesDialog (141)
[2015.12.02-14.27.58:034][344]LogModuleManager: Shutting down and abandoning module Persona (140)
[2015.12.02-14.27.58:034][344]LogModuleManager: Shutting down and abandoning module Kismet (139)
[2015.12.02-14.27.58:034][344]LogModuleManager: Shutting down and abandoning module GraphEditor (138)
[2015.12.02-14.27.58:034][344]LogModuleManager: Shutting down and abandoning module ClassViewer (137)
[2015.12.02-14.27.58:034][344]LogModuleManager: Shutting down and abandoning module Toolbox (136)
[2015.12.02-14.27.58:034][344]LogModuleManager: Shutting down and abandoning module ModuleUI (135)
[2015.12.02-14.27.58:034][344]LogModuleManager: Shutting down and abandoning module MovieSceneTools (134)
[2015.12.02-14.27.58:034][344]LogModuleManager: Shutting down and abandoning module OutputLog (133)
[2015.12.02-14.27.58:034][344]LogModuleManager: Shutting down and abandoning module GammaUI (132)
[2015.12.02-14.27.58:034][344]LogModuleManager: Shutting down and abandoning module Documentation (131)
[2015.12.02-14.27.58:034][344]LogModuleManager: Shutting down and abandoning module GameLiveStreaming (130)
[2015.12.02-14.27.58:034][344]LogModuleManager: Shutting down and abandoning module StreamingPauseRendering (129)
[2015.12.02-14.27.58:034][344]LogModuleManager: Shutting down and abandoning module AnalyticsET (128)
[2015.12.02-14.27.58:034][344]LogModuleManager: Shutting down and abandoning module Analytics (127)
[2015.12.02-14.27.58:034][344]LogModuleManager: Shutting down and abandoning module AITestSuite (126)
[2015.12.02-14.27.58:034][344]LogModuleManager: Shutting down and abandoning module GameplayDebugger (125)
[2015.12.02-14.27.58:034][344]LogModuleManager: Shutting down and abandoning module AIModule (124)
[2015.12.02-14.27.58:034][344]LogModuleManager: Shutting down and abandoning module ProfilerService (123)
[2015.12.02-14.27.58:132][344]LogModuleManager: Shutting down and abandoning module TaskGraph (122)
[2015.12.02-14.27.58:132][344]LogModuleManager: Shutting down and abandoning module SlateRemote (121)
[2015.12.02-14.27.58:132][344]LogModuleManager: Shutting down and abandoning module SteamVRController (120)
[2015.12.02-14.27.58:132][344]LogModuleManager: Shutting down and abandoning module SteamVR (119)
[2015.12.02-14.27.58:132][344]LogModuleManager: Shutting down and abandoning module ProceduralMeshComponent (118)
[2015.12.02-14.27.58:132][344]LogModuleManager: Shutting down and abandoning module OculusLibrary (117)
[2015.12.02-14.27.58:132][344]LogModuleManager: Shutting down and abandoning module OculusInput (116)
[2015.12.02-14.27.58:132][344]LogModuleManager: Shutting down and abandoning module LeapMotionController (115)
[2015.12.02-14.27.58:142][344]LogModuleManager: Shutting down and abandoning module CustomMeshComponent (114)
[2015.12.02-14.27.58:142][344]LogModuleManager: Shutting down and abandoning module CableComponent (113)
[2015.12.02-14.27.58:142][344]LogModuleManager: Shutting down and abandoning module ArchVisCharacter (112)
[2015.12.02-14.27.58:142][344]LogModuleManager: Shutting down and abandoning module MessagingDebugger (111)
[2015.12.02-14.27.58:142][344]LogModuleManager: Shutting down and abandoning module MediaPlayerEditor (110)
[2015.12.02-14.27.58:142][344]LogModuleManager: Shutting down and abandoning module HTML5Networking (109)
[2015.12.02-14.27.58:142][344]LogModuleManager: Shutting down and abandoning module SpeedTreeImporter (108)
[2015.12.02-14.27.58:142][344]LogModuleManager: Shutting down and abandoning module PluginBrowser (107)
[2015.12.02-14.27.58:142][344]LogModuleManager: Shutting down and abandoning module EpicSurvey (106)
[2015.12.02-14.27.58:142][344]LogModuleManager: Shutting down and abandoning module DesktopPlatform (105)
[2015.12.02-14.27.58:142][344]LogModuleManager: Shutting down and abandoning module VisualStudioSourceCodeAccess (104)
[2015.12.02-14.27.58:142][344]LogModuleManager: Shutting down and abandoning module UObjectPlugin (103)
[2015.12.02-14.27.58:142][344]LogModuleManager: Shutting down and abandoning module SubversionSourceControl (102)
[2015.12.02-14.27.58:142][344]LogModuleManager: Shutting down and abandoning module PerforceSourceControl (101)
[2015.12.02-14.27.58:142][344]LogModuleManager: Shutting down and abandoning module SourceControl (100)
[2015.12.02-14.27.58:142][344]LogModuleManager: Shutting down and abandoning module GitSourceControl (99)
[2015.12.02-14.27.58:142][344]LogModuleManager: Shutting down and abandoning module LightPropagationVolumeEditor (98)
[2015.12.02-14.27.58:142][344]LogModuleManager: Shutting down and abandoning module PaperTiledImporter (97)
[2015.12.02-14.27.58:142][344]LogModuleManager: Shutting down and abandoning module PaperSpriteSheetImporter (96)
[2015.12.02-14.27.58:142][344]LogModuleManager: Shutting down and abandoning module MeshPaint (95)
[2015.12.02-14.27.58:142][344]LogModuleManager: Shutting down and abandoning module SlateReflector (94)
[2015.12.02-14.27.58:142][344]LogModuleManager: Shutting down and abandoning module HotReload (93)
[2015.12.02-14.27.58:142][344]LogModuleManager: Shutting down and abandoning module MainFrame (92)
[2015.12.02-14.27.58:142][344]LogModuleManager: Shutting down and abandoning module LevelEditor (91)
[2015.12.02-14.27.58:144][344]LogModuleManager: Shutting down and abandoning module DirectoryWatcher (90)
[2015.12.02-14.27.58:144][344]LogModuleManager: Shutting down and abandoning module AssetRegistry (89)
[2015.12.02-14.27.58:219][344]LogModuleManager: Shutting down and abandoning module ContentBrowser (88)
[2015.12.02-14.27.58:219][344]LogModuleManager: Shutting down and abandoning module Paper2DEditor (87)
[2015.12.02-14.27.58:220][344]LogModuleManager: Shutting down and abandoning module UdpMessaging (86)
[2015.12.02-14.27.58:320][344]LogModuleManager: Shutting down and abandoning module LightPropagationVolumeRuntime (85)
[2015.12.02-14.27.58:320][344]LogModuleManager: Shutting down and abandoning module Paper2D (84)
[2015.12.02-14.27.58:320][344]LogModuleManager: Shutting down and abandoning module WindowsMoviePlayer (83)
[2015.12.02-14.27.58:322][344]LogModuleManager: Shutting down and abandoning module Media (82)
[2015.12.02-14.27.58:322][344]LogModuleManager: Shutting down and abandoning module WmfMedia (81)
[2015.12.02-14.27.58:322][344]LogModuleManager: Shutting down and abandoning module OnlineBlueprintSupport (80)
[2015.12.02-14.27.58:322][344]LogModuleManager: Shutting down and abandoning module GameplayTasksEditor (79)
[2015.12.02-14.27.58:322][344]LogModuleManager: Shutting down and abandoning module PropertyEditor (78)
[2015.12.02-14.27.58:322][344]LogModuleManager: Shutting down and abandoning module BehaviorTreeEditor (77)
[2015.12.02-14.27.58:322][344]LogModuleManager: Shutting down and abandoning module FunctionalTesting (76)
[2015.12.02-14.27.58:322][344]LogModuleManager: Shutting down and abandoning module CollisionAnalyzer (75)
[2015.12.02-14.27.58:322][344]LogModuleManager: Shutting down and abandoning module WorkspaceMenuStructure (74)
[2015.12.02-14.27.58:322][344]LogModuleManager: Shutting down and abandoning module MessageLog (73)
[2015.12.02-14.27.58:323][344]LogModuleManager: Shutting down and abandoning module Sequencer (72)
[2015.12.02-14.27.58:323][344]LogModuleManager: Shutting down and abandoning module AssetTools (71)
[2015.12.02-14.27.58:323][344]LogModuleManager: Shutting down and abandoning module UMGEditor (70)
[2015.12.02-14.27.58:323][344]LogModuleManager: Shutting down and abandoning module UMG (69)
[2015.12.02-14.27.58:323][344]LogModuleManager: Shutting down and abandoning module Slate (68)
[2015.12.02-14.27.58:323][344]LogModuleManager: Shutting down and abandoning module EditorStyle (67)
[2015.12.02-14.27.58:324][344]LogModuleManager: Shutting down and abandoning module SessionServices (66)
[2015.12.02-14.27.58:324][344]LogModuleManager: Shutting down and abandoning module SourceCodeAccess (65)
[2015.12.02-14.27.58:324][344]LogModuleManager: Shutting down and abandoning module HeadMountedDisplay (64)
[2015.12.02-14.27.58:324][344]LogModuleManager: Shutting down and abandoning module XAudio2 (63)
[2015.12.02-14.27.58:324][344]LogModuleManager: Shutting down and abandoning module Networking (61)
[2015.12.02-14.27.58:324][344]LogModuleManager: Shutting down and abandoning module Core (60)
[2015.12.02-14.27.58:324][344]LogModuleManager: Shutting down and abandoning module KismetCompiler (59)
[2015.12.02-14.27.58:324][344]LogModuleManager: Shutting down and abandoning module PhysXFormats (58)
[2015.12.02-14.27.58:324][344]LogModuleManager: Shutting down and abandoning module MeshUtilities (57)
[2015.12.02-14.27.58:324][344]LogModuleManager: Shutting down and abandoning module DerivedDataCache (56)
[2015.12.02-14.27.58:418][344]LogDerivedDataCache: Shutdown
[2015.12.02-14.27.58:418][344]LogModuleManager: Shutting down and abandoning module ShaderFormatOpenGL (55)
[2015.12.02-14.27.58:418][344]LogModuleManager: Shutting down and abandoning module ShaderFormatD3D (54)
[2015.12.02-14.27.58:418][344]LogModuleManager: Shutting down and abandoning module MetalShaderFormat (53)
[2015.12.02-14.27.58:418][344]LogModuleManager: Shutting down and abandoning module TextureFormatUncompressed (52)
[2015.12.02-14.27.58:418][344]LogModuleManager: Shutting down and abandoning module TextureFormatPVR (51)
[2015.12.02-14.27.58:418][344]LogModuleManager: Shutting down and abandoning module TextureFormatIntelISPCTexComp (50)
[2015.12.02-14.27.58:418][344]LogModuleManager: Shutting down and abandoning module TextureFormatDXT (49)
[2015.12.02-14.27.58:418][344]LogModuleManager: Shutting down and abandoning module ImageWrapper (48)
[2015.12.02-14.27.58:418][344]LogModuleManager: Shutting down and abandoning module TextureFormatASTC (47)
[2015.12.02-14.27.58:418][344]LogModuleManager: Shutting down and abandoning module TextureFormatAndroid (46)
[2015.12.02-14.27.58:418][344]LogModuleManager: Shutting down and abandoning module AudioFormatOpus (45)
[2015.12.02-14.27.58:418][344]LogModuleManager: Shutting down and abandoning module AudioFormatOgg (44)
[2015.12.02-14.27.58:418][344]LogModuleManager: Shutting down and abandoning module AudioFormatADPCM (43)
[2015.12.02-14.27.58:418][344]LogModuleManager: Shutting down and abandoning module LinuxTargetPlatform (42)
[2015.12.02-14.27.58:418][344]LogModuleManager: Shutting down and abandoning module LinuxServerTargetPlatform (41)
[2015.12.02-14.27.58:418][344]LogModuleManager: Shutting down and abandoning module LinuxNoEditorTargetPlatform (40)
[2015.12.02-14.27.58:418][344]LogModuleManager: Shutting down and abandoning module Messaging (39)
[2015.12.02-14.27.58:418][344]LogModuleManager: Shutting down and abandoning module IOSTargetPlatform (38)
[2015.12.02-14.27.58:418][344]LogModuleManager: Shutting down and abandoning module HTML5TargetPlatform (37)
[2015.12.02-14.27.58:418][344]LogModuleManager: Shutting down and abandoning module Android_PVRTCTargetPlatform (36)
[2015.12.02-14.27.58:418][344]LogModuleManager: Shutting down and abandoning module Android_MultiTargetPlatform (35)
[2015.12.02-14.27.58:418][344]LogModuleManager: Shutting down and abandoning module Android_ETC2TargetPlatform (34)
[2015.12.02-14.27.58:418][344]LogModuleManager: Shutting down and abandoning module Android_ETC1TargetPlatform (33)
[2015.12.02-14.27.58:418][344]LogModuleManager: Shutting down and abandoning module Android_DXTTargetPlatform (32)
[2015.12.02-14.27.58:418][344]LogModuleManager: Shutting down and abandoning module Android_ATCTargetPlatform (31)
[2015.12.02-14.27.58:418][344]LogModuleManager: Shutting down and abandoning module Android_ASTCTargetPlatform (30)
[2015.12.02-14.27.58:418][344]LogModuleManager: Shutting down and abandoning module AndroidTargetPlatform (29)
[2015.12.02-14.27.58:418][344]LogModuleManager: Shutting down and abandoning module WindowsTargetPlatform (28)
[2015.12.02-14.27.58:418][344]LogModuleManager: Shutting down and abandoning module WindowsServerTargetPlatform (27)
[2015.12.02-14.27.58:418][344]LogModuleManager: Shutting down and abandoning module WindowsNoEditorTargetPlatform (26)
[2015.12.02-14.27.58:418][344]LogModuleManager: Shutting down and abandoning module WindowsClientTargetPlatform (25)
[2015.12.02-14.27.58:418][344]LogModuleManager: Shutting down and abandoning module AllDesktopTargetPlatform (24)
[2015.12.02-14.27.58:418][344]LogModuleManager: Shutting down and abandoning module TargetPlatform (23)
[2015.12.02-14.27.58:418][344]LogModuleManager: Shutting down and abandoning module InputCore (22)
[2015.12.02-14.27.58:418][344]LogModuleManager: Shutting down and abandoning module Settings (21)
[2015.12.02-14.27.58:418][344]LogModuleManager: Shutting down and abandoning module OnlineSubsystem (19)
[2015.12.02-14.27.58:418][344]LogModuleManager: Shutting down and abandoning module HTTP (18)
[2015.12.02-14.27.59:420][344]LogModuleManager: Shutting down and abandoning module XMPP (17)
[2015.12.02-14.27.59:420][344]LogModuleManager: Shutting down and abandoning module OculusRift (16)
[2015.12.02-14.27.59:420][344]LogModuleManager: Shutting down and abandoning module ExampleDeviceProfileSelector (15)
[2015.12.02-14.27.59:420][344]LogModuleManager: Shutting down and abandoning module TextureCompressor (14)
[2015.12.02-14.27.59:420][344]LogModuleManager: Shutting down and abandoning module ShaderCore (13)
[2015.12.02-14.27.59:420][344]LogModuleManager: Shutting down and abandoning module Landscape (12)
[2015.12.02-14.27.59:420][344]LogModuleManager: Shutting down and abandoning module SlateRHIRenderer (11)
[2015.12.02-14.27.59:428][344]LogModuleManager: Shutting down and abandoning module OpenGLDrv (10)
[2015.12.02-14.27.59:428][344]LogModuleManager: Shutting down and abandoning module D3D11RHI (9)
[2015.12.02-14.27.59:428][344]LogModuleManager: Shutting down and abandoning module AnimGraphRuntime (8)
[2015.12.02-14.27.59:428][344]LogModuleManager: Shutting down and abandoning module Renderer (7)
[2015.12.02-14.27.59:428][344]LogModuleManager: Shutting down and abandoning module Engine (6)
[2015.12.02-14.27.59:428][344]LogModuleManager: Shutting down and abandoning module CoreUObject (5)
[2015.12.02-14.27.59:428][344]LogModuleManager: Shutting down and abandoning module NetworkFile (4)
[2015.12.02-14.27.59:428][344]LogModuleManager: Shutting down and abandoning module StreamingFile (3)
[2015.12.02-14.27.59:428][344]LogModuleManager: Shutting down and abandoning module SandboxFile (2)
[2015.12.02-14.27.59:428][344]LogModuleManager: Shutting down and abandoning module PakFile (1)
[2015.12.02-14.27.59:429][344]LogExit: Exiting.
[2015.12.02-14.27.59:441][344]Log file closed, 12/02/15 08:27:59
